  Building Custom Rule C:/Users/User/Downloads/darknet-master/darknet-master/CMakeLists.txt
  Compiling CUDA source file src\activation_kernels.cu...
  
  C:\Users\User\Downloads\darknet-master\darknet-master>"C:\Program Files\NVIDIA GPU Computing Toolkit\CUDA\v12.3\bin\nvcc.exe"  --use-local-env -ccbin "C:\Program Files\Microsoft Visual Studio\2022\Community\VC\Tools\MSVC\14.38.33130\bin\HostX64\x64" -x cu -rdc=true  -I"C:\Users\User\Downloads\darknet-master\darknet-master\include" -I"C:\Users\User\Downloads\darknet-master\darknet-master\src" -I"C:\Users\User\Downloads\darknet-master\darknet-master\3rdparty\stb\include" -I"C:\Users\User\Downloads\darknet-master\darknet-master\3rdparty\getopt" -IC:\opencv\build\include -I"C:\Program Files\NVIDIA GPU Computing Toolkit\CUDA\v12.3\include" -I"C:\Users\User\Downloads\darknet-master\darknet-master\3rdparty\pthreads\include" -I"C:\Program Files\NVIDIA GPU Computing Toolkit\CUDA\v12.3\include"     --keep-dir x64\Release  -maxrregcount=0   --machine 64 --compile -cudart shared -Wno-deprecated-declarations --generate-code=arch=compute_61,code=[compute_61,sm_61] -Xcompiler=",/nologo,/wd4013,/wd4018,/wd4028,/wd4047,/wd4068,/wd4090,/wd4101,/wd4113,/wd4133,/wd4190,/wd4244,/wd4267,/wd4305,/wd4477,/wd4996,/wd4819,/fp:fast,/DGPU,/DCUDA_OPENGL_INTEGRATION,/DCUDNN,/DOPENCV /EHsc -Ob2"   -D_WINDOWS -DNDEBUG -DLIB_EXPORTS=1 -DUSE_CMAKE_LIBS -DCUDNN -DOPENCV -D_CRT_RAND_S -DNOMINMAX -D_USE_MATH_DEFINES -D_CRT_SECURE_NO_WARNINGS -DGPU -DCUDA_OPENGL_INTEGRATION -D_TIMESPEC_DEFINED -D"CMAKE_INTDIR=\"Release\"" -Ddark_EXPORTS -D_WINDLL -D_MBCS -DWIN32 -D_WINDOWS -DNDEBUG -DLIB_EXPORTS=1 -DUSE_CMAKE_LIBS -DCUDNN -DOPENCV -D_CRT_RAND_S -DNOMINMAX -D_USE_MATH_DEFINES -D_CRT_SECURE_NO_WARNINGS -DGPU -DCUDA_OPENGL_INTEGRATION -D_TIMESPEC_DEFINED -D"CMAKE_INTDIR=\"Release\"" -Ddark_EXPORTS -Xcompiler "/EHsc /W1 /nologo /O2 /FS   /MD /GR" -Xcompiler "/Fddark.dir\Release\vc143.pdb" -o dark.dir\Release\activation_kernels.obj "C:\Users\User\Downloads\darknet-master\darknet-master\src\activation_kernels.cu" 
  activation_kernels.cu
  Compiling CUDA source file src\avgpool_layer_kernels.cu...
  tmpxft_000047f0_00000000-7_activation_kernels.cudafe1.cpp
  Compiling CUDA source file src\blas_kernels.cu...
  Compiling CUDA source file src\col2im_kernels.cu...
  Compiling CUDA source file src\convolutional_kernels.cu...
  
  C:\Users\User\Downloads\darknet-master\darknet-master>"C:\Program Files\NVIDIA GPU Computing Toolkit\CUDA\v12.3\bin\nvcc.exe"  --use-local-env -ccbin "C:\Program Files\Microsoft Visual Studio\2022\Community\VC\Tools\MSVC\14.38.33130\bin\HostX64\x64" -x cu -rdc=true  -I"C:\Users\User\Downloads\darknet-master\darknet-master\include" -I"C:\Users\User\Downloads\darknet-master\darknet-master\src" -I"C:\Users\User\Downloads\darknet-master\darknet-master\3rdparty\stb\include" -I"C:\Users\User\Downloads\darknet-master\darknet-master\3rdparty\getopt" -IC:\opencv\build\include -I"C:\Program Files\NVIDIA GPU Computing Toolkit\CUDA\v12.3\include" -I"C:\Users\User\Downloads\darknet-master\darknet-master\3rdparty\pthreads\include" -I"C:\Program Files\NVIDIA GPU Computing Toolkit\CUDA\v12.3\include"     --keep-dir x64\Release  -maxrregcount=0   --machine 64 --compile -cudart shared -Wno-deprecated-declarations --generate-code=arch=compute_61,code=[compute_61,sm_61] -Xcompiler=",/nologo,/wd4013,/wd4018,/wd4028,/wd4047,/wd4068,/wd4090,/wd4101,/wd4113,/wd4133,/wd4190,/wd4244,/wd4267,/wd4305,/wd4477,/wd4996,/wd4819,/fp:fast,/DGPU,/DCUDA_OPENGL_INTEGRATION,/DCUDNN,/DOPENCV /EHsc -Ob2"   -D_WINDOWS -DNDEBUG -DLIB_EXPORTS=1 -DUSE_CMAKE_LIBS -DCUDNN -DOPENCV -D_CRT_RAND_S -DNOMINMAX -D_USE_MATH_DEFINES -D_CRT_SECURE_NO_WARNINGS -DGPU -DCUDA_OPENGL_INTEGRATION -D_TIMESPEC_DEFINED -D"CMAKE_INTDIR=\"Release\"" -Ddark_EXPORTS -D_WINDLL -D_MBCS -DWIN32 -D_WINDOWS -DNDEBUG -DLIB_EXPORTS=1 -DUSE_CMAKE_LIBS -DCUDNN -DOPENCV -D_CRT_RAND_S -DNOMINMAX -D_USE_MATH_DEFINES -D_CRT_SECURE_NO_WARNINGS -DGPU -DCUDA_OPENGL_INTEGRATION -D_TIMESPEC_DEFINED -D"CMAKE_INTDIR=\"Release\"" -Ddark_EXPORTS -Xcompiler "/EHsc /W1 /nologo /O2 /FS   /MD /GR" -Xcompiler "/Fddark.dir\Release\vc143.pdb" -o dark.dir\Release\avgpool_layer_kernels.obj "C:\Users\User\Downloads\darknet-master\darknet-master\src\avgpool_layer_kernels.cu" 
  Compiling CUDA source file src\crop_layer_kernels.cu...
  
  
  C:\Users\User\Downloads\darknet-master\darknet-master>"C:\Program Files\NVIDIA GPU Computing Toolkit\CUDA\v12.3\bin\nvcc.exe"  --use-local-env -ccbin "C:\Program Files\Microsoft Visual Studio\2022\Community\VC\Tools\MSVC\14.38.33130\bin\HostX64\x64" -x cu -rdc=true  -I"C:\Users\User\Downloads\darknet-master\darknet-master\include" -I"C:\Users\User\Downloads\darknet-master\darknet-master\src" -I"C:\Users\User\Downloads\darknet-master\darknet-master\3rdparty\stb\include" -I"C:\Users\User\Downloads\darknet-master\darknet-master\3rdparty\getopt" -IC:\opencv\build\include -I"C:\Program Files\NVIDIA GPU Computing Toolkit\CUDA\v12.3\include" -I"C:\Users\User\Downloads\darknet-master\darknet-master\3rdparty\pthreads\include" -I"C:\Program Files\NVIDIA GPU Computing Toolkit\CUDA\v12.3\include"     --keep-dir x64\Release  -maxrregcount=0   --machine 64 --compile -cudart shared -Wno-deprecated-declarations --generate-code=arch=compute_61,code=[compute_61,sm_61] -Xcompiler=",/nologo,/wd4013,/wd4018,/wd4028,/wd4047,/wd4068,/wd4090,/wd4101,/wd4113,/wd4133,/wd4190,/wd4244,/wd4267,/wd4305,/wd4477,/wd4996,/wd4819,/fp:fast,/DGPU,/DCUDA_OPENGL_INTEGRATION,/DCUDNN,/DOPENCV /EHsc -Ob2"   -D_WINDOWS -DNDEBUG -DLIB_EXPORTS=1 -DUSE_CMAKE_LIBS -DCUDNN -DOPENCV -D_CRT_RAND_S -DNOMINMAX -D_USE_MATH_DEFINES -D_CRT_SECURE_NO_WARNINGS -DGPU -DCUDA_OPENGL_INTEGRATION -D_TIMESPEC_DEFINED -D"CMAKE_INTDIR=\"Release\"" -Ddark_EXPORTS -D_WINDLL -D_MBCS -DWIN32 -D_WINDOWS -DNDEBUG -DLIB_EXPORTS=1 -DUSE_CMAKE_LIBS -DCUDNN -DOPENCV -D_CRT_RAND_S -DNOMINMAX -D_USE_MATH_DEFINES -D_CRT_SECURE_NO_WARNINGS -DGPU -DCUDA_OPENGL_INTEGRATION -D_TIMESPEC_DEFINED -D"CMAKE_INTDIR=\"Release\"" -Ddark_EXPORTS -Xcompiler "/EHsc /W1 /nologo /O2 /FS   /MD /GR" -Xcompiler "/Fddark.dir\Release\vc143.pdb" -o dark.dir\Release\convolutional_kernels.obj "C:\Users\User\Downloads\darknet-master\darknet-master\src\convolutional_kernels.cu" 
  C:\Users\User\Downloads\darknet-master\darknet-master>"C:\Program Files\NVIDIA GPU Computing Toolkit\CUDA\v12.3\bin\nvcc.exe"  --use-local-env -ccbin "C:\Program Files\Microsoft Visual Studio\2022\Community\VC\Tools\MSVC\14.38.33130\bin\HostX64\x64" -x cu -rdc=true  -I"C:\Users\User\Downloads\darknet-master\darknet-master\include" -I"C:\Users\User\Downloads\darknet-master\darknet-master\src" -I"C:\Users\User\Downloads\darknet-master\darknet-master\3rdparty\stb\include" -I"C:\Users\User\Downloads\darknet-master\darknet-master\3rdparty\getopt" -IC:\opencv\build\include -I"C:\Program Files\NVIDIA GPU Computing Toolkit\CUDA\v12.3\include" -I"C:\Users\User\Downloads\darknet-master\darknet-master\3rdparty\pthreads\include" -I"C:\Program Files\NVIDIA GPU Computing Toolkit\CUDA\v12.3\include"     --keep-dir x64\Release  -maxrregcount=0   --machine 64 --compile -cudart shared -Wno-deprecated-declarations --generate-code=arch=compute_61,code=[compute_61,sm_61] -Xcompiler=",/nologo,/wd4013,/wd4018,/wd4028,/wd4047,/wd4068,/wd4090,/wd4101,/wd4113,/wd4133,/wd4190,/wd4244,/wd4267,/wd4305,/wd4477,/wd4996,/wd4819,/fp:fast,/DGPU,/DCUDA_OPENGL_INTEGRATION,/DCUDNN,/DOPENCV /EHsc -Ob2"   -D_WINDOWS -DNDEBUG -DLIB_EXPORTS=1 -DUSE_CMAKE_LIBS -DCUDNN -DOPENCV -D_CRT_RAND_S -DNOMINMAX -D_USE_MATH_DEFINES -D_CRT_SECURE_NO_WARNINGS -DGPU -DCUDA_OPENGL_INTEGRATION -D_TIMESPEC_DEFINED -D"CMAKE_INTDIR=\"Release\"" -Ddark_EXPORTS -D_WINDLL -D_MBCS -DWIN32 -D_WINDOWS -DNDEBUG -DLIB_EXPORTS=1 -DUSE_CMAKE_LIBS -DCUDNN -DOPENCV -D_CRT_RAND_S -DNOMINMAX -D_USE_MATH_DEFINES -D_CRT_SECURE_NO_WARNINGS -DGPU -DCUDA_OPENGL_INTEGRATION -D_TIMESPEC_DEFINED -D"CMAKE_INTDIR=\"Release\"" -Ddark_EXPORTS -Xcompiler "/EHsc /W1 /nologo /O2 /FS   /MD /GR" -Xcompiler "/Fddark.dir\Release\vc143.pdb" -o dark.dir\Release\blas_kernels.obj "C:\Users\User\Downloads\darknet-master\darknet-master\src\blas_kernels.cu" 
  
  C:\Users\User\Downloads\darknet-master\darknet-master>"C:\Program Files\NVIDIA GPU Computing Toolkit\CUDA\v12.3\bin\nvcc.exe"  --use-local-env -ccbin "C:\Program Files\Microsoft Visual Studio\2022\Community\VC\Tools\MSVC\14.38.33130\bin\HostX64\x64" -x cu -rdc=true  -I"C:\Users\User\Downloads\darknet-master\darknet-master\include" -I"C:\Users\User\Downloads\darknet-master\darknet-master\src" -I"C:\Users\User\Downloads\darknet-master\darknet-master\3rdparty\stb\include" -I"C:\Users\User\Downloads\darknet-master\darknet-master\3rdparty\getopt" -IC:\opencv\build\include -I"C:\Program Files\NVIDIA GPU Computing Toolkit\CUDA\v12.3\include" -I"C:\Users\User\Downloads\darknet-master\darknet-master\3rdparty\pthreads\include" -I"C:\Program Files\NVIDIA GPU Computing Toolkit\CUDA\v12.3\include"     --keep-dir x64\Release  -maxrregcount=0   --machine 64 --compile -cudart shared -Wno-deprecated-declarations --generate-code=arch=compute_61,code=[compute_61,sm_61] -Xcompiler=",/nologo,/wd4013,/wd4018,/wd4028,/wd4047,/wd4068,/wd4090,/wd4101,/wd4113,/wd4133,/wd4190,/wd4244,/wd4267,/wd4305,/wd4477,/wd4996,/wd4819,/fp:fast,/DGPU,/DCUDA_OPENGL_INTEGRATION,/DCUDNN,/DOPENCV /EHsc -Ob2"   -D_WINDOWS -DNDEBUG -DLIB_EXPORTS=1 -DUSE_CMAKE_LIBS -DCUDNN -DOPENCV -D_CRT_RAND_S -DNOMINMAX -D_USE_MATH_DEFINES -D_CRT_SECURE_NO_WARNINGS -DGPU -DCUDA_OPENGL_INTEGRATION -D_TIMESPEC_DEFINED -D"CMAKE_INTDIR=\"Release\"" -Ddark_EXPORTS -D_WINDLL -D_MBCS -DWIN32 -D_WINDOWS -DNDEBUG -DLIB_EXPORTS=1 -DUSE_CMAKE_LIBS -DCUDNN -DOPENCV -D_CRT_RAND_S -DNOMINMAX -D_USE_MATH_DEFINES -D_CRT_SECURE_NO_WARNINGS -DGPU -DCUDA_OPENGL_INTEGRATION -D_TIMESPEC_DEFINED -D"CMAKE_INTDIR=\"Release\"" -Ddark_EXPORTS -Xcompiler "/EHsc /W1 /nologo /O2 /FS   /MD /GR" -Xcompiler "/Fddark.dir\Release\vc143.pdb" -o dark.dir\Release\col2im_kernels.obj "C:\Users\User\Downloads\darknet-master\darknet-master\src\col2im_kernels.cu" 
  
  C:\Users\User\Downloads\darknet-master\darknet-master>"C:\Program Files\NVIDIA GPU Computing Toolkit\CUDA\v12.3\bin\nvcc.exe"  --use-local-env -ccbin "C:\Program Files\Microsoft Visual Studio\2022\Community\VC\Tools\MSVC\14.38.33130\bin\HostX64\x64" -x cu -rdc=true  -I"C:\Users\User\Downloads\darknet-master\darknet-master\include" -I"C:\Users\User\Downloads\darknet-master\darknet-master\src" -I"C:\Users\User\Downloads\darknet-master\darknet-master\3rdparty\stb\include" -I"C:\Users\User\Downloads\darknet-master\darknet-master\3rdparty\getopt" -IC:\opencv\build\include -I"C:\Program Files\NVIDIA GPU Computing Toolkit\CUDA\v12.3\include" -I"C:\Users\User\Downloads\darknet-master\darknet-master\3rdparty\pthreads\include" -I"C:\Program Files\NVIDIA GPU Computing Toolkit\CUDA\v12.3\include"     --keep-dir x64\Release  -maxrregcount=0   --machine 64 --compile -cudart shared -Wno-deprecated-declarations --generate-code=arch=compute_61,code=[compute_61,sm_61] -Xcompiler=",/nologo,/wd4013,/wd4018,/wd4028,/wd4047,/wd4068,/wd4090,/wd4101,/wd4113,/wd4133,/wd4190,/wd4244,/wd4267,/wd4305,/wd4477,/wd4996,/wd4819,/fp:fast,/DGPU,/DCUDA_OPENGL_INTEGRATION,/DCUDNN,/DOPENCV /EHsc -Ob2"   -D_WINDOWS -DNDEBUG -DLIB_EXPORTS=1 -DUSE_CMAKE_LIBS -DCUDNN -DOPENCV -D_CRT_RAND_S -DNOMINMAX -D_USE_MATH_DEFINES -D_CRT_SECURE_NO_WARNINGS -DGPU -DCUDA_OPENGL_INTEGRATION -D_TIMESPEC_DEFINED -D"CMAKE_INTDIR=\"Release\"" -Ddark_EXPORTS -D_WINDLL -D_MBCS -DWIN32 -D_WINDOWS -DNDEBUG -DLIB_EXPORTS=1 -DUSE_CMAKE_LIBS -DCUDNN -DOPENCV -D_CRT_RAND_S -DNOMINMAX -D_USE_MATH_DEFINES -D_CRT_SECURE_NO_WARNINGS -DGPU -DCUDA_OPENGL_INTEGRATION -D_TIMESPEC_DEFINED -D"CMAKE_INTDIR=\"Release\"" -Ddark_EXPORTS -Xcompiler "/EHsc /W1 /nologo /O2 /FS   /MD /GR" -Xcompiler "/Fddark.dir\Release\vc143.pdb" -o dark.dir\Release\crop_layer_kernels.obj "C:\Users\User\Downloads\darknet-master\darknet-master\src\crop_layer_kernels.cu" 
  Compiling CUDA source file src\deconvolutional_kernels.cu...
  
  C:\Users\User\Downloads\darknet-master\darknet-master>"C:\Program Files\NVIDIA GPU Computing Toolkit\CUDA\v12.3\bin\nvcc.exe"  --use-local-env -ccbin "C:\Program Files\Microsoft Visual Studio\2022\Community\VC\Tools\MSVC\14.38.33130\bin\HostX64\x64" -x cu -rdc=true  -I"C:\Users\User\Downloads\darknet-master\darknet-master\include" -I"C:\Users\User\Downloads\darknet-master\darknet-master\src" -I"C:\Users\User\Downloads\darknet-master\darknet-master\3rdparty\stb\include" -I"C:\Users\User\Downloads\darknet-master\darknet-master\3rdparty\getopt" -IC:\opencv\build\include -I"C:\Program Files\NVIDIA GPU Computing Toolkit\CUDA\v12.3\include" -I"C:\Users\User\Downloads\darknet-master\darknet-master\3rdparty\pthreads\include" -I"C:\Program Files\NVIDIA GPU Computing Toolkit\CUDA\v12.3\include"     --keep-dir x64\Release  -maxrregcount=0   --machine 64 --compile -cudart shared -Wno-deprecated-declarations --generate-code=arch=compute_61,code=[compute_61,sm_61] -Xcompiler=",/nologo,/wd4013,/wd4018,/wd4028,/wd4047,/wd4068,/wd4090,/wd4101,/wd4113,/wd4133,/wd4190,/wd4244,/wd4267,/wd4305,/wd4477,/wd4996,/wd4819,/fp:fast,/DGPU,/DCUDA_OPENGL_INTEGRATION,/DCUDNN,/DOPENCV /EHsc -Ob2"   -D_WINDOWS -DNDEBUG -DLIB_EXPORTS=1 -DUSE_CMAKE_LIBS -DCUDNN -DOPENCV -D_CRT_RAND_S -DNOMINMAX -D_USE_MATH_DEFINES -D_CRT_SECURE_NO_WARNINGS -DGPU -DCUDA_OPENGL_INTEGRATION -D_TIMESPEC_DEFINED -D"CMAKE_INTDIR=\"Release\"" -Ddark_EXPORTS -D_WINDLL -D_MBCS -DWIN32 -D_WINDOWS -DNDEBUG -DLIB_EXPORTS=1 -DUSE_CMAKE_LIBS -DCUDNN -DOPENCV -D_CRT_RAND_S -DNOMINMAX -D_USE_MATH_DEFINES -D_CRT_SECURE_NO_WARNINGS -DGPU -DCUDA_OPENGL_INTEGRATION -D_TIMESPEC_DEFINED -D"CMAKE_INTDIR=\"Release\"" -Ddark_EXPORTS -Xcompiler "/EHsc /W1 /nologo /O2 /FS   /MD /GR" -Xcompiler "/Fddark.dir\Release\vc143.pdb" -o dark.dir\Release\deconvolutional_kernels.obj "C:\Users\User\Downloads\darknet-master\darknet-master\src\deconvolutional_kernels.cu" 
  Compiling CUDA source file src\dropout_layer_kernels.cu...
  
  C:\Users\User\Downloads\darknet-master\darknet-master>"C:\Program Files\NVIDIA GPU Computing Toolkit\CUDA\v12.3\bin\nvcc.exe"  --use-local-env -ccbin "C:\Program Files\Microsoft Visual Studio\2022\Community\VC\Tools\MSVC\14.38.33130\bin\HostX64\x64" -x cu -rdc=true  -I"C:\Users\User\Downloads\darknet-master\darknet-master\include" -I"C:\Users\User\Downloads\darknet-master\darknet-master\src" -I"C:\Users\User\Downloads\darknet-master\darknet-master\3rdparty\stb\include" -I"C:\Users\User\Downloads\darknet-master\darknet-master\3rdparty\getopt" -IC:\opencv\build\include -I"C:\Program Files\NVIDIA GPU Computing Toolkit\CUDA\v12.3\include" -I"C:\Users\User\Downloads\darknet-master\darknet-master\3rdparty\pthreads\include" -I"C:\Program Files\NVIDIA GPU Computing Toolkit\CUDA\v12.3\include"     --keep-dir x64\Release  -maxrregcount=0   --machine 64 --compile -cudart shared -Wno-deprecated-declarations --generate-code=arch=compute_61,code=[compute_61,sm_61] -Xcompiler=",/nologo,/wd4013,/wd4018,/wd4028,/wd4047,/wd4068,/wd4090,/wd4101,/wd4113,/wd4133,/wd4190,/wd4244,/wd4267,/wd4305,/wd4477,/wd4996,/wd4819,/fp:fast,/DGPU,/DCUDA_OPENGL_INTEGRATION,/DCUDNN,/DOPENCV /EHsc -Ob2"   -D_WINDOWS -DNDEBUG -DLIB_EXPORTS=1 -DUSE_CMAKE_LIBS -DCUDNN -DOPENCV -D_CRT_RAND_S -DNOMINMAX -D_USE_MATH_DEFINES -D_CRT_SECURE_NO_WARNINGS -DGPU -DCUDA_OPENGL_INTEGRATION -D_TIMESPEC_DEFINED -D"CMAKE_INTDIR=\"Release\"" -Ddark_EXPORTS -D_WINDLL -D_MBCS -DWIN32 -D_WINDOWS -DNDEBUG -DLIB_EXPORTS=1 -DUSE_CMAKE_LIBS -DCUDNN -DOPENCV -D_CRT_RAND_S -DNOMINMAX -D_USE_MATH_DEFINES -D_CRT_SECURE_NO_WARNINGS -DGPU -DCUDA_OPENGL_INTEGRATION -D_TIMESPEC_DEFINED -D"CMAKE_INTDIR=\"Release\"" -Ddark_EXPORTS -Xcompiler "/EHsc /W1 /nologo /O2 /FS   /MD /GR" -Xcompiler "/Fddark.dir\Release\vc143.pdb" -o dark.dir\Release\dropout_layer_kernels.obj "C:\Users\User\Downloads\darknet-master\darknet-master\src\dropout_layer_kernels.cu" 
  Compiling CUDA source file src\im2col_kernels.cu...
  
  C:\Users\User\Downloads\darknet-master\darknet-master>"C:\Program Files\NVIDIA GPU Computing Toolkit\CUDA\v12.3\bin\nvcc.exe"  --use-local-env -ccbin "C:\Program Files\Microsoft Visual Studio\2022\Community\VC\Tools\MSVC\14.38.33130\bin\HostX64\x64" -x cu -rdc=true  -I"C:\Users\User\Downloads\darknet-master\darknet-master\include" -I"C:\Users\User\Downloads\darknet-master\darknet-master\src" -I"C:\Users\User\Downloads\darknet-master\darknet-master\3rdparty\stb\include" -I"C:\Users\User\Downloads\darknet-master\darknet-master\3rdparty\getopt" -IC:\opencv\build\include -I"C:\Program Files\NVIDIA GPU Computing Toolkit\CUDA\v12.3\include" -I"C:\Users\User\Downloads\darknet-master\darknet-master\3rdparty\pthreads\include" -I"C:\Program Files\NVIDIA GPU Computing Toolkit\CUDA\v12.3\include"     --keep-dir x64\Release  -maxrregcount=0   --machine 64 --compile -cudart shared -Wno-deprecated-declarations --generate-code=arch=compute_61,code=[compute_61,sm_61] -Xcompiler=",/nologo,/wd4013,/wd4018,/wd4028,/wd4047,/wd4068,/wd4090,/wd4101,/wd4113,/wd4133,/wd4190,/wd4244,/wd4267,/wd4305,/wd4477,/wd4996,/wd4819,/fp:fast,/DGPU,/DCUDA_OPENGL_INTEGRATION,/DCUDNN,/DOPENCV /EHsc -Ob2"   -D_WINDOWS -DNDEBUG -DLIB_EXPORTS=1 -DUSE_CMAKE_LIBS -DCUDNN -DOPENCV -D_CRT_RAND_S -DNOMINMAX -D_USE_MATH_DEFINES -D_CRT_SECURE_NO_WARNINGS -DGPU -DCUDA_OPENGL_INTEGRATION -D_TIMESPEC_DEFINED -D"CMAKE_INTDIR=\"Release\"" -Ddark_EXPORTS -D_WINDLL -D_MBCS -DWIN32 -D_WINDOWS -DNDEBUG -DLIB_EXPORTS=1 -DUSE_CMAKE_LIBS -DCUDNN -DOPENCV -D_CRT_RAND_S -DNOMINMAX -D_USE_MATH_DEFINES -D_CRT_SECURE_NO_WARNINGS -DGPU -DCUDA_OPENGL_INTEGRATION -D_TIMESPEC_DEFINED -D"CMAKE_INTDIR=\"Release\"" -Ddark_EXPORTS -Xcompiler "/EHsc /W1 /nologo /O2 /FS   /MD /GR" -Xcompiler "/Fddark.dir\Release\vc143.pdb" -o dark.dir\Release\im2col_kernels.obj "C:\Users\User\Downloads\darknet-master\darknet-master\src\im2col_kernels.cu" 
  col2im_kernels.cu
  avgpool_layer_kernels.cu
  crop_layer_kernels.cu
  tmpxft_000024ec_00000000-7_col2im_kernels.cudafe1.cpp
  Compiling CUDA source file src\maxpool_layer_kernels.cu...
  tmpxft_00002d40_00000000-7_avgpool_layer_kernels.cudafe1.cpp
  Compiling CUDA source file src\network_kernels.cu...
  
  C:\Users\User\Downloads\darknet-master\darknet-master>"C:\Program Files\NVIDIA GPU Computing Toolkit\CUDA\v12.3\bin\nvcc.exe"  --use-local-env -ccbin "C:\Program Files\Microsoft Visual Studio\2022\Community\VC\Tools\MSVC\14.38.33130\bin\HostX64\x64" -x cu -rdc=true  -I"C:\Users\User\Downloads\darknet-master\darknet-master\include" -I"C:\Users\User\Downloads\darknet-master\darknet-master\src" -I"C:\Users\User\Downloads\darknet-master\darknet-master\3rdparty\stb\include" -I"C:\Users\User\Downloads\darknet-master\darknet-master\3rdparty\getopt" -IC:\opencv\build\include -I"C:\Program Files\NVIDIA GPU Computing Toolkit\CUDA\v12.3\include" -I"C:\Users\User\Downloads\darknet-master\darknet-master\3rdparty\pthreads\include" -I"C:\Program Files\NVIDIA GPU Computing Toolkit\CUDA\v12.3\include"     --keep-dir x64\Release  -maxrregcount=0   --machine 64 --compile -cudart shared -Wno-deprecated-declarations --generate-code=arch=compute_61,code=[compute_61,sm_61] -Xcompiler=",/nologo,/wd4013,/wd4018,/wd4028,/wd4047,/wd4068,/wd4090,/wd4101,/wd4113,/wd4133,/wd4190,/wd4244,/wd4267,/wd4305,/wd4477,/wd4996,/wd4819,/fp:fast,/DGPU,/DCUDA_OPENGL_INTEGRATION,/DCUDNN,/DOPENCV /EHsc -Ob2"   -D_WINDOWS -DNDEBUG -DLIB_EXPORTS=1 -DUSE_CMAKE_LIBS -DCUDNN -DOPENCV -D_CRT_RAND_S -DNOMINMAX -D_USE_MATH_DEFINES -D_CRT_SECURE_NO_WARNINGS -DGPU -DCUDA_OPENGL_INTEGRATION -D_TIMESPEC_DEFINED -D"CMAKE_INTDIR=\"Release\"" -Ddark_EXPORTS -D_WINDLL -D_MBCS -DWIN32 -D_WINDOWS -DNDEBUG -DLIB_EXPORTS=1 -DUSE_CMAKE_LIBS -DCUDNN -DOPENCV -D_CRT_RAND_S -DNOMINMAX -D_USE_MATH_DEFINES -D_CRT_SECURE_NO_WARNINGS -DGPU -DCUDA_OPENGL_INTEGRATION -D_TIMESPEC_DEFINED -D"CMAKE_INTDIR=\"Release\"" -Ddark_EXPORTS -Xcompiler "/EHsc /W1 /nologo /O2 /FS   /MD /GR" -Xcompiler "/Fddark.dir\Release\vc143.pdb" -o dark.dir\Release\maxpool_layer_kernels.obj "C:\Users\User\Downloads\darknet-master\darknet-master\src\maxpool_layer_kernels.cu" 
  
  C:\Users\User\Downloads\darknet-master\darknet-master>"C:\Program Files\NVIDIA GPU Computing Toolkit\CUDA\v12.3\bin\nvcc.exe"  --use-local-env -ccbin "C:\Program Files\Microsoft Visual Studio\2022\Community\VC\Tools\MSVC\14.38.33130\bin\HostX64\x64" -x cu -rdc=true  -I"C:\Users\User\Downloads\darknet-master\darknet-master\include" -I"C:\Users\User\Downloads\darknet-master\darknet-master\src" -I"C:\Users\User\Downloads\darknet-master\darknet-master\3rdparty\stb\include" -I"C:\Users\User\Downloads\darknet-master\darknet-master\3rdparty\getopt" -IC:\opencv\build\include -I"C:\Program Files\NVIDIA GPU Computing Toolkit\CUDA\v12.3\include" -I"C:\Users\User\Downloads\darknet-master\darknet-master\3rdparty\pthreads\include" -I"C:\Program Files\NVIDIA GPU Computing Toolkit\CUDA\v12.3\include"     --keep-dir x64\Release  -maxrregcount=0   --machine 64 --compile -cudart shared -Wno-deprecated-declarations --generate-code=arch=compute_61,code=[compute_61,sm_61] -Xcompiler=",/nologo,/wd4013,/wd4018,/wd4028,/wd4047,/wd4068,/wd4090,/wd4101,/wd4113,/wd4133,/wd4190,/wd4244,/wd4267,/wd4305,/wd4477,/wd4996,/wd4819,/fp:fast,/DGPU,/DCUDA_OPENGL_INTEGRATION,/DCUDNN,/DOPENCV /EHsc -Ob2"   -D_WINDOWS -DNDEBUG -DLIB_EXPORTS=1 -DUSE_CMAKE_LIBS -DCUDNN -DOPENCV -D_CRT_RAND_S -DNOMINMAX -D_USE_MATH_DEFINES -D_CRT_SECURE_NO_WARNINGS -DGPU -DCUDA_OPENGL_INTEGRATION -D_TIMESPEC_DEFINED -D"CMAKE_INTDIR=\"Release\"" -Ddark_EXPORTS -D_WINDLL -D_MBCS -DWIN32 -D_WINDOWS -DNDEBUG -DLIB_EXPORTS=1 -DUSE_CMAKE_LIBS -DCUDNN -DOPENCV -D_CRT_RAND_S -DNOMINMAX -D_USE_MATH_DEFINES -D_CRT_SECURE_NO_WARNINGS -DGPU -DCUDA_OPENGL_INTEGRATION -D_TIMESPEC_DEFINED -D"CMAKE_INTDIR=\"Release\"" -Ddark_EXPORTS -Xcompiler "/EHsc /W1 /nologo /O2 /FS   /MD /GR" -Xcompiler "/Fddark.dir\Release\vc143.pdb" -o dark.dir\Release\network_kernels.obj "C:\Users\User\Downloads\darknet-master\darknet-master\src\network_kernels.cu" 
  tmpxft_0000365c_00000000-7_crop_layer_kernels.cudafe1.cpp
  deconvolutional_kernels.cu
  convolutional_kernels.cu
  tmpxft_00005694_00000000-7_deconvolutional_kernels.cudafe1.cpp
  tmpxft_00005b8c_00000000-7_convolutional_kernels.cudafe1.cpp
  dropout_layer_kernels.cu
  blas_kernels.cu
  tmpxft_000039ec_00000000-7_dropout_layer_kernels.cudafe1.cpp
  tmpxft_000054ac_00000000-7_blas_kernels.cudafe1.cpp
  im2col_kernels.cu
  network_kernels.cu
  maxpool_layer_kernels.cu
  tmpxft_00003a54_00000000-7_im2col_kernels.cudafe1.cpp
  tmpxft_00002d28_00000000-7_network_kernels.cudafe1.cpp
  tmpxft_00005920_00000000-7_maxpool_layer_kernels.cudafe1.cpp
  yolo_v2_class.cpp
  http_stream.cpp
  image_opencv.cpp
  Generating Code...
  activation_layer.c
  activations.c
  art.c
  avgpool_layer.c
  batchnorm_layer.c
  blas.c
  box.c
  captcha.c
  cifar.c
  classifier.c
  coco.c
  col2im.c
  compare.c
  connected_layer.c
  conv_lstm_layer.c
  convolutional_layer.c
  cost_layer.c
  cpu_gemm.c
  crnn_layer.c
  crop_layer.c
  Generating Code...
  Compiling...
  dark_cuda.c
  data.c
  deconvolutional_layer.c
  demo.c
  detection_layer.c
  detector.c
  dice.c
  dropout_layer.c
  gaussian_yolo_layer.c
  gemm.c
  gettimeofday.c
  go.c
  gru_layer.c
  im2col.c
  image.c
  layer.c
  list.c
  local_layer.c
  lstm_layer.c
  matrix.c
  Generating Code...
  Compiling...
  maxpool_layer.c
  network.c
  nightmare.c
  normalization_layer.c
  option_list.c
  parser.c
  region_layer.c
  reorg_layer.c
  reorg_old_layer.c
  representation_layer.c
  rnn.c
  rnn_layer.c
  rnn_vid.c
  route_layer.c
  sam_layer.c
  scale_channels_layer.c
  shortcut_layer.c
  softmax_layer.c
  super.c
  swag.c
  Generating Code...
  Compiling...
  tag.c
  tree.c
  upsample_layer.c
  utils.c
  voxel.c
  writing.c
  yolo.c
  yolo_layer.c
  getopt.c
  Generating Code...
  
  C:\Users\User\Downloads\darknet-master\darknet-master>"C:\Program Files\NVIDIA GPU Computing Toolkit\CUDA\v12.3\bin\nvcc.exe" -dlink  -o dark.dir\Release\darknet.device-link.obj -Xcompiler "/EHsc /W1 /nologo /O2   /MD /GR" -Xcompiler "/Fddark.dir\Release\vc143.pdb" -L"C:\Program Files\NVIDIA GPU Computing Toolkit\CUDA\v12.3\bin/crt" -L"C:/Program Files/NVIDIA GPU Computing Toolkit/CUDA/v12.3/lib/x64" -L"C:/Program Files/NVIDIA GPU Computing Toolkit/CUDA/v12.3/lib/x64/Release" -L"C:\Program Files\NVIDIA GPU Computing Toolkit\CUDA\v12.3\lib\x64" "C:\Program Files\NVIDIA GPU Computing Toolkit\CUDA\v12.3\lib\x64\cudnn.lib" C:\opencv\build\x64\vc16\lib\opencv_world490.lib 3rdparty\pthreads\lib\pthreadVC2.lib wsock32.lib ws2_32.lib curand.lib cublas.lib cuda.lib cudadevrt.lib cudart.lib kernel32.lib user32.lib gdi32.lib winspool.lib shell32.lib ole32.lib oleaut32.lib uuid.lib comdlg32.lib advapi32.lib -forward-unknown-to-host-compiler -Wno-deprecated-gpu-targets  -Wno-deprecated-declarations -Xcompiler=",/nologo,/wd4013,/wd4018,/wd4028,/wd4047,/wd4068,/wd4090,/wd4101,/wd4113,/wd4133,/wd4190,/wd4244,/wd4267,/wd4305,/wd4477,/wd4996,/wd4819,/fp:fast,/DGPU,/DCUDA_OPENGL_INTEGRATION,/DCUDNN,/DOPENCV" -D_WINDOWS -Xcompiler=" /GR /EHsc" -Xcompiler="-O2 -Ob2" -DNDEBUG "--generate-code=arch=compute_61,code=[compute_61,sm_61]" -Xcompiler=-MD    dark.dir\Release\activation_kernels.obj dark.dir\Release\avgpool_layer_kernels.obj dark.dir\Release\blas_kernels.obj dark.dir\Release\col2im_kernels.obj dark.dir\Release\convolutional_kernels.obj dark.dir\Release\crop_layer_kernels.obj dark.dir\Release\deconvolutional_kernels.obj dark.dir\Release\dropout_layer_kernels.obj dark.dir\Release\im2col_kernels.obj dark.dir\Release\maxpool_layer_kernels.obj dark.dir\Release\network_kernels.obj 
  cudnn.lib
  opencv_world490.lib
  pthreadVC2.lib
  wsock32.lib
  ws2_32.lib
  curand.lib
  cublas.lib
  cuda.lib
  cudadevrt.lib
  cudart.lib
  kernel32.lib
  user32.lib
  gdi32.lib
  winspool.lib
  shell32.lib
  ole32.lib
  oleaut32.lib
  uuid.lib
  comdlg32.lib
  advapi32.lib
  activation_kernels.obj
  avgpool_layer_kernels.obj
  blas_kernels.obj
  col2im_kernels.obj
  convolutional_kernels.obj
  crop_layer_kernels.obj
  deconvolutional_kernels.obj
  dropout_layer_kernels.obj
  im2col_kernels.obj
  maxpool_layer_kernels.obj
  network_kernels.obj
     Creating library C:/Users/User/Downloads/darknet-master/darknet-master/Release/darknet.lib and object C:/Users/User/Downloads/darknet-master/darknet-master/Release/darknet.exp
  dark.vcxproj -> C:\Users\User\Downloads\darknet-master\darknet-master\Release\darknet.dll
